<?xml version="1.0" encoding="UTF-8"?>
<testng-results total="2" passed="2" failed="0" skipped="0">
  <reporter-output>
  </reporter-output>
  <suite started-at="2021-08-15T04:01:11Z" name="Default suite" finished-at="2021-08-15T04:01:11Z" duration-ms="33">
    <groups>
    </groups>
    <test started-at="2021-08-15T04:01:11Z" name="Default test" finished-at="2021-08-15T04:01:11Z" duration-ms="33">
      <class name="javatestng.demo">
        <test-method signature="aa()[pri:0, instance:javatestng.demo@71a8adcf]" started-at="2021-08-15T09:31:11Z" name="aa" finished-at="2021-08-15T09:31:11Z" duration-ms="14" status="PASS">
          <reporter-output>
          </reporter-output>
        </test-method> <!-- aa -->
        <test-method signature="aa1()[pri:0, instance:javatestng.demo@71a8adcf]" started-at="2021-08-15T09:31:11Z" name="aa1" finished-at="2021-08-15T09:31:11Z" duration-ms="2" status="PASS">
          <reporter-output>
          </reporter-output>
        </test-method> <!-- aa1 -->
      </class> <!-- javatestng.demo -->
    </test> <!-- Default test -->
  </suite> <!-- Default suite -->
</testng-results>
